<?xml version="1.0" encoding="UTF-8"?>
<testsuite name="de.unisaarland.sopra.LkTests" tests="4" skipped="0" failures="0" errors="0" timestamp="2016-10-07T13:30:35" hostname="Guantanamo-Bay" time="0.064">
  <properties/>
  <testcase name="testFightComplex" classname="de.unisaarland.sopra.LkTests" time="0.049"/>
  <testcase name="testBite" classname="de.unisaarland.sopra.LkTests" time="0.001"/>
  <testcase name="testGameCopyAndMove" classname="de.unisaarland.sopra.LkTests" time="0.011"/>
  <testcase name="testStabToDeath" classname="de.unisaarland.sopra.LkTests" time="0.002"/>
  <system-out><![CDATA[]]></system-out>
  <system-err><![CDATA[]]></system-err>
</testsuite>
