<?xml version="1.0" encoding="UTF-8"?>
<testsuite name="de.unisaarland.sopra.messagestest.attacktest.ClawTest" tests="8" skipped="0" failures="0" errors="0" timestamp="2016-10-07T13:30:35" hostname="Guantanamo-Bay" time="0.01">
  <properties/>
  <testcase name="testForFieldEffects" classname="de.unisaarland.sopra.messagestest.attacktest.ClawTest" time="0.001"/>
  <testcase name="testOutOfRange" classname="de.unisaarland.sopra.messagestest.attacktest.ClawTest" time="0.0"/>
  <testcase name="canCreateValidClaws" classname="de.unisaarland.sopra.messagestest.attacktest.ClawTest" time="0.0"/>
  <testcase name="testDiagonal" classname="de.unisaarland.sopra.messagestest.attacktest.ClawTest" time="0.0"/>
  <testcase name="testInvalidCreatureV1" classname="de.unisaarland.sopra.messagestest.attacktest.ClawTest" time="0.001"/>
  <testcase name="testInvalidCreatureV2" classname="de.unisaarland.sopra.messagestest.attacktest.ClawTest" time="0.004"/>
  <testcase name="testEnergy" classname="de.unisaarland.sopra.messagestest.attacktest.ClawTest" time="0.0"/>
  <testcase name="testValidClawBasic" classname="de.unisaarland.sopra.messagestest.attacktest.ClawTest" time="0.0"/>
  <system-out><![CDATA[]]></system-out>
  <system-err><![CDATA[]]></system-err>
</testsuite>
