<?xml version="1.0" encoding="UTF-8"?>
<testsuite name="de.unisaarland.sopra.messagestest.attacktest.StareTest" tests="8" skipped="0" failures="0" errors="0" timestamp="2016-10-07T13:30:35" hostname="Guantanamo-Bay" time="0.008">
  <properties/>
  <testcase name="testForFieldEffects" classname="de.unisaarland.sopra.messagestest.attacktest.StareTest" time="0.002"/>
  <testcase name="testOutOfRange" classname="de.unisaarland.sopra.messagestest.attacktest.StareTest" time="0.002"/>
  <testcase name="canCreateValidStares" classname="de.unisaarland.sopra.messagestest.attacktest.StareTest" time="0.0"/>
  <testcase name="testValidStareBasic" classname="de.unisaarland.sopra.messagestest.attacktest.StareTest" time="0.0"/>
  <testcase name="testDiagonal" classname="de.unisaarland.sopra.messagestest.attacktest.StareTest" time="0.001"/>
  <testcase name="testInvalidCreatureV1" classname="de.unisaarland.sopra.messagestest.attacktest.StareTest" time="0.0"/>
  <testcase name="testInvalidCreatureV2" classname="de.unisaarland.sopra.messagestest.attacktest.StareTest" time="0.001"/>
  <testcase name="testForInvalidRangeModifier" classname="de.unisaarland.sopra.messagestest.attacktest.StareTest" time="0.0"/>
  <system-out><![CDATA[]]></system-out>
  <system-err><![CDATA[]]></system-err>
</testsuite>
