<?xml version="1.0" encoding="UTF-8"?>
<testsuite name="de.unisaarland.sopra.messagestest.attacktest.ShootTest" tests="8" skipped="0" failures="0" errors="0" timestamp="2016-10-07T13:30:35" hostname="Guantanamo-Bay" time="0.013">
  <properties/>
  <testcase name="testShootDeadBoar" classname="de.unisaarland.sopra.messagestest.attacktest.ShootTest" time="0.006"/>
  <testcase name="testShootOverRock" classname="de.unisaarland.sopra.messagestest.attacktest.ShootTest" time="0.0"/>
  <testcase name="testShootOnWater" classname="de.unisaarland.sopra.messagestest.attacktest.ShootTest" time="0.001"/>
  <testcase name="testShootOnTreeOutOfBounds" classname="de.unisaarland.sopra.messagestest.attacktest.ShootTest" time="0.001"/>
  <testcase name="testShootLimits" classname="de.unisaarland.sopra.messagestest.attacktest.ShootTest" time="0.0"/>
  <testcase name="testShootOnTree" classname="de.unisaarland.sopra.messagestest.attacktest.ShootTest" time="0.001"/>
  <testcase name="testShootSimple" classname="de.unisaarland.sopra.messagestest.attacktest.ShootTest" time="0.001"/>
  <testcase name="testShootOutOfLimits" classname="de.unisaarland.sopra.messagestest.attacktest.ShootTest" time="0.0"/>
  <system-out><![CDATA[]]></system-out>
  <system-err><![CDATA[]]></system-err>
</testsuite>
