<?xml version="1.0" encoding="UTF-8"?>
<testsuite name="de.unisaarland.sopra.modeltest.FieldEffectsTest" tests="9" skipped="0" failures="0" errors="0" timestamp="2016-10-07T13:30:35" hostname="Guantanamo-Bay" time="0.007">
  <properties/>
  <testcase name="waterFieldEffectTest" classname="de.unisaarland.sopra.modeltest.FieldEffectsTest" time="0.004"/>
  <testcase name="bushFieldEffectsTest" classname="de.unisaarland.sopra.modeltest.FieldEffectsTest" time="0.001"/>
  <testcase name="boarsFairiesShallNotPassWaterTest" classname="de.unisaarland.sopra.modeltest.FieldEffectsTest" time="0.0"/>
  <testcase name="healFieldDeactivatedEffectTest" classname="de.unisaarland.sopra.modeltest.FieldEffectsTest" time="0.001"/>
  <testcase name="curseFieldEffectTest" classname="de.unisaarland.sopra.modeltest.FieldEffectsTest" time="0.0"/>
  <testcase name="hillFieldEffectTest" classname="de.unisaarland.sopra.modeltest.FieldEffectsTest" time="0.0"/>
  <testcase name="treeFieldEffectTest" classname="de.unisaarland.sopra.modeltest.FieldEffectsTest" time="0.0"/>
  <testcase name="healFieldEffectTest" classname="de.unisaarland.sopra.modeltest.FieldEffectsTest" time="0.0"/>
  <testcase name="lavaFieldEffectTest" classname="de.unisaarland.sopra.modeltest.FieldEffectsTest" time="0.0"/>
  <system-out><![CDATA[]]></system-out>
  <system-err><![CDATA[]]></system-err>
</testsuite>
