<?xml version="1.0" encoding="UTF-8"?>
<testsuite name="de.unisaarland.sopra.messagestest.WarCryTest" tests="3" skipped="0" failures="0" errors="0" timestamp="2016-10-07T13:30:35" hostname="Guantanamo-Bay" time="0.007">
  <properties/>
  <testcase name="oneWarCryTooMuch" classname="de.unisaarland.sopra.messagestest.WarCryTest" time="0.006"/>
  <testcase name="validWarCryTest" classname="de.unisaarland.sopra.messagestest.WarCryTest" time="0.0"/>
  <testcase name="invalidWarCryTooLong" classname="de.unisaarland.sopra.messagestest.WarCryTest" time="0.0"/>
  <system-out><![CDATA[]]></system-out>
  <system-err><![CDATA[]]></system-err>
</testsuite>
