<?xml version="1.0" encoding="UTF-8"?>
<testsuite name="de.unisaarland.sopra.ExampleTest" tests="1" skipped="0" failures="0" errors="0" timestamp="2016-10-07T13:30:35" hostname="Guantanamo-Bay" time="0.004">
  <properties/>
  <testcase name="testExample1" classname="de.unisaarland.sopra.ExampleTest" time="0.004"/>
  <system-out><![CDATA[]]></system-out>
  <system-err><![CDATA[]]></system-err>
</testsuite>
