<?xml version="1.0" encoding="UTF-8"?>
<testsuite name="de.unisaarland.sopra.modeltest.TeamTests" tests="2" skipped="0" failures="0" errors="0" timestamp="2016-10-07T13:30:35" hostname="Guantanamo-Bay" time="0.004">
  <properties/>
  <testcase name="testStartPositionQueue" classname="de.unisaarland.sopra.modeltest.TeamTests" time="0.004"/>
  <testcase name="testGetters" classname="de.unisaarland.sopra.modeltest.TeamTests" time="0.0"/>
  <system-out><![CDATA[]]></system-out>
  <system-err><![CDATA[]]></system-err>
</testsuite>
