<?xml version="1.0" encoding="UTF-8"?>
<testsuite name="de.unisaarland.sopra.messagestest.attacktest.SlashTest" tests="4" skipped="0" failures="0" errors="0" timestamp="2016-10-07T13:30:35" hostname="Guantanamo-Bay" time="0.007">
  <properties/>
  <testcase name="canSlashFalse" classname="de.unisaarland.sopra.messagestest.attacktest.SlashTest" time="0.003"/>
  <testcase name="slashDamage" classname="de.unisaarland.sopra.messagestest.attacktest.SlashTest" time="0.0"/>
  <testcase name="stabDamage" classname="de.unisaarland.sopra.messagestest.attacktest.SlashTest" time="0.001"/>
  <testcase name="canStabtrue" classname="de.unisaarland.sopra.messagestest.attacktest.SlashTest" time="0.001"/>
  <system-out><![CDATA[]]></system-out>
  <system-err><![CDATA[]]></system-err>
</testsuite>
