<?xml version="1.0" encoding="UTF-8"?>
<testsuite name="de.unisaarland.sopra.messagestest.MoveTest" tests="7" skipped="0" failures="0" errors="0" timestamp="2016-10-07T13:30:35" hostname="Guantanamo-Bay" time="0.013">
  <properties/>
  <testcase name="consumeEnergyFieldTest" classname="de.unisaarland.sopra.messagestest.MoveTest" time="0.0"/>
  <testcase name="moveBlockedFieldTest" classname="de.unisaarland.sopra.messagestest.MoveTest" time="0.0"/>
  <testcase name="consumeEnergyTest" classname="de.unisaarland.sopra.messagestest.MoveTest" time="0.001"/>
  <testcase name="moveEnergyCostTest" classname="de.unisaarland.sopra.messagestest.MoveTest" time="0.0"/>
  <testcase name="testMoveTest" classname="de.unisaarland.sopra.messagestest.MoveTest" time="0.001"/>
  <testcase name="moveBlockedMonsterTest" classname="de.unisaarland.sopra.messagestest.MoveTest" time="0.001"/>
  <testcase name="moveEnergyCostFieldTest" classname="de.unisaarland.sopra.messagestest.MoveTest" time="0.0"/>
  <system-out><![CDATA[]]></system-out>
  <system-err><![CDATA[]]></system-err>
</testsuite>
