<?xml version="1.0" encoding="UTF-8"?>
<testsuite name="de.unisaarland.sopra.modeltest.PcTest" tests="1" skipped="0" failures="0" errors="0" timestamp="2016-10-07T13:30:35" hostname="Guantanamo-Bay" time="0.001">
  <properties/>
  <testcase name="checkInitData" classname="de.unisaarland.sopra.modeltest.PcTest" time="0.001"/>
  <system-out><![CDATA[]]></system-out>
  <system-err><![CDATA[]]></system-err>
</testsuite>
