<?xml version="1.0" encoding="UTF-8"?>
<testsuite name="de.unisaarland.sopra.utilitytest.DirectionTests" tests="8" skipped="0" failures="0" errors="0" timestamp="2016-10-07T13:30:41" hostname="Guantanamo-Bay" time="0.002">
  <properties/>
  <testcase name="testtoVector" classname="de.unisaarland.sopra.utilitytest.DirectionTests" time="0.0"/>
  <testcase name="testgetCounterClockwise" classname="de.unisaarland.sopra.utilitytest.DirectionTests" time="0.0"/>
  <testcase name="directionLength1TestE" classname="de.unisaarland.sopra.utilitytest.DirectionTests" time="0.0"/>
  <testcase name="directionLength1TestW" classname="de.unisaarland.sopra.utilitytest.DirectionTests" time="0.0"/>
  <testcase name="directionLength1TestNE" classname="de.unisaarland.sopra.utilitytest.DirectionTests" time="0.0"/>
  <testcase name="directionLength1TestNW" classname="de.unisaarland.sopra.utilitytest.DirectionTests" time="0.0"/>
  <testcase name="directionLength1TestSE" classname="de.unisaarland.sopra.utilitytest.DirectionTests" time="0.0"/>
  <testcase name="directionLength1TestSW" classname="de.unisaarland.sopra.utilitytest.DirectionTests" time="0.0"/>
  <system-out><![CDATA[]]></system-out>
  <system-err><![CDATA[]]></system-err>
</testsuite>
