<?xml version="1.0" encoding="UTF-8"?>
<testsuite name="de.unisaarland.sopra.messagestest.attacktest.BlinkTest" tests="3" skipped="0" failures="0" errors="0" timestamp="2016-10-07T13:30:35" hostname="Guantanamo-Bay" time="0.009">
  <properties/>
  <testcase name="noMoreEngergyTest" classname="de.unisaarland.sopra.messagestest.attacktest.BlinkTest" time="0.005"/>
  <testcase name="testNormalBlink" classname="de.unisaarland.sopra.messagestest.attacktest.BlinkTest" time="0.001"/>
  <testcase name="creatureIsNoWraithTest" classname="de.unisaarland.sopra.messagestest.attacktest.BlinkTest" time="0.0"/>
  <system-out><![CDATA[]]></system-out>
  <system-err><![CDATA[]]></system-err>
</testsuite>
