<?xml version="1.0" encoding="UTF-8"?>
<testsuite name="de.unisaarland.sopra.messagestest.attacktest.CastTest" tests="6" skipped="0" failures="0" errors="0" timestamp="2016-10-07T13:30:35" hostname="Guantanamo-Bay" time="0.008">
  <properties/>
  <testcase name="testCastRangeMax" classname="de.unisaarland.sopra.messagestest.attacktest.CastTest" time="0.002"/>
  <testcase name="testCastSimple" classname="de.unisaarland.sopra.messagestest.attacktest.CastTest" time="0.001"/>
  <testcase name="testCastInvalidRange" classname="de.unisaarland.sopra.messagestest.attacktest.CastTest" time="0.001"/>
  <testcase name="testEnergyDrained" classname="de.unisaarland.sopra.messagestest.attacktest.CastTest" time="0.001"/>
  <testcase name="testAttackOnWater" classname="de.unisaarland.sopra.messagestest.attacktest.CastTest" time="0.002"/>
  <testcase name="testInvalidTarget" classname="de.unisaarland.sopra.messagestest.attacktest.CastTest" time="0.0"/>
  <system-out><![CDATA[]]></system-out>
  <system-err><![CDATA[]]></system-err>
</testsuite>
